Arguments: 
  /Users/melodygan/.nvm/versions/node/v15.11.0/bin/node /usr/local/Cellar/yarn/1.15.2/libexec/bin/yarn.js add jest@24.8.0

PATH: 
  /Users/melodygan/.nvm/versions/node/v15.11.0/bin:/usr/local/bin:/usr/bin:/bin:/usr/sbin:/sbin:/Users/melodygan/.nvm/versions/node/v15.11.0/bin

Yarn version: 
  1.15.2

Node version: 
  15.11.0

Platform: 
  darwin x64

Trace: 
  Error: connect ECONNREFUSED 10.2.10.146:4873
      at TCPConnectWrap.afterConnect [as oncomplete] (node:net:1137:16)

npm manifest: 
  {
    "name": "jest",
    "version": "1.0.0",
    "description": "学习单元测试",
    "main": "index.js",
    "scripts": {
      "test": "echo \"Error: no test specified\" && exit 1"
    },
    "repository": {
      "type": "git",
      "url": "git+https://github.com/melodyfang/jest.git"
    },
    "keywords": [
      "jest",
      "js"
    ],
    "author": "melody",
    "license": "ISC",
    "bugs": {
      "url": "https://github.com/melodyfang/jest/issues"
    },
    "homepage": "https://github.com/melodyfang/jest#readme"
  }

yarn manifest: 
  No manifest

Lockfile: 
  No lockfile
